<?xml version="1.0" encoding="UTF-8"?>
<testng-results total="1" passed="1" failed="0" skipped="0">
  <reporter-output>
  </reporter-output>
  <suite started-at="2021-01-29T05:38:03Z" name="First" finished-at="2021-01-29T05:38:40Z" duration-ms="37439">
    <groups>
    </groups>
    <test started-at="2021-01-29T05:38:03Z" name="FirstTest" finished-at="2021-01-29T05:38:40Z" duration-ms="37439">
      <class name="com.browserstack.run_first_test.FirstTest">
        <test-method is-config="true" signature="setUp()[pri:0, instance:com.browserstack.run_first_test.FirstTest@36fc695d]" started-at="2021-01-29T11:08:03Z" name="setUp" finished-at="2021-01-29T11:08:28Z" duration-ms="25564" status="PASS">
          <reporter-output>
          </reporter-output>
        </test-method> <!-- setUp -->
        <test-method signature="test()[pri:0, instance:com.browserstack.run_first_test.FirstTest@36fc695d]" started-at="2021-01-29T11:08:28Z" name="test" finished-at="2021-01-29T11:08:39Z" duration-ms="11278" status="PASS">
          <reporter-output>
          </reporter-output>
        </test-method> <!-- test -->
        <test-method is-config="true" signature="tearDown()[pri:0, instance:com.browserstack.run_first_test.FirstTest@36fc695d]" started-at="2021-01-29T11:08:39Z" name="tearDown" finished-at="2021-01-29T11:08:40Z" duration-ms="586" status="PASS">
          <reporter-output>
          </reporter-output>
        </test-method> <!-- tearDown -->
      </class> <!-- com.browserstack.run_first_test.FirstTest -->
    </test> <!-- FirstTest -->
  </suite> <!-- First -->
</testng-results>
