<?xml version="1.0" encoding="UTF-8"?>
<testng-results total="1" passed="1" failed="0" skipped="0">
  <reporter-output>
  </reporter-output>
  <suite started-at="2021-01-29T05:24:29Z" name="First" finished-at="2021-01-29T05:25:07Z" duration-ms="38329">
    <groups>
    </groups>
    <test started-at="2021-01-29T05:24:29Z" name="FirstTest" finished-at="2021-01-29T05:25:07Z" duration-ms="38329">
      <class name="com.browserstack.run_first_test.FirstTest">
        <test-method is-config="true" signature="setUp()[pri:0, instance:com.browserstack.run_first_test.FirstTest@6069db50]" started-at="2021-01-29T10:54:29Z" name="setUp" finished-at="2021-01-29T10:54:55Z" duration-ms="26390" status="PASS">
          <reporter-output>
          </reporter-output>
        </test-method> <!-- setUp -->
        <test-method signature="test()[pri:0, instance:com.browserstack.run_first_test.FirstTest@6069db50]" started-at="2021-01-29T10:54:55Z" name="test" finished-at="2021-01-29T10:55:07Z" duration-ms="11326" status="PASS">
          <reporter-output>
          </reporter-output>
        </test-method> <!-- test -->
        <test-method is-config="true" signature="tearDown()[pri:0, instance:com.browserstack.run_first_test.FirstTest@6069db50]" started-at="2021-01-29T10:55:07Z" name="tearDown" finished-at="2021-01-29T10:55:07Z" duration-ms="606" status="PASS">
          <reporter-output>
          </reporter-output>
        </test-method> <!-- tearDown -->
      </class> <!-- com.browserstack.run_first_test.FirstTest -->
    </test> <!-- FirstTest -->
  </suite> <!-- First -->
</testng-results>
